-------------------------------------------------------------------------------
Test set: store.TestCart
-------------------------------------------------------------------------------
Tests run: 3, Failures: 1, Errors: 0, Skipped: 0, Time elapsed: 0.015 s <<< FAILURE! - in store.TestCart
testGetTotal(store.TestCart)  Time elapsed: 0 s  <<< FAILURE!
java.lang.AssertionError: Use assertEquals(expected, actual, delta) to compare floating-point numbers
	at store.TestCart.testGetTotal(TestCart.java:23)

